#-----------------------------------------------------------
# PlanAhead v14.7 (64-bit)
# Build 321239 by xbuild on Fri Sep 27 19:24:36 MDT 2013
# Start of session at: Thu Nov 16 02:22:46 2023
# Process ID: 2974
# Log file: /home/ise/Documents/timer_catur/planAhead_run_1/planAhead.log
# Journal file: /home/ise/Documents/timer_catur/planAhead_run_1/planAhead.jou
#-----------------------------------------------------------
INFO: [Common 17-78] Attempting to get a license: PlanAhead
INFO: [Common 17-290] Got license for PlanAhead
INFO: [Device 21-36] Loading parts and site information from /opt/Xilinx/14.7/ISE_DS/PlanAhead/data/parts/arch.xml
Parsing RTL primitives file [/opt/Xilinx/14.7/ISE_DS/PlanAhead/data/parts/xilinx/rtl/prims/rtl_prims.xml]
Finished parsing RTL primitives file [/opt/Xilinx/14.7/ISE_DS/PlanAhead/data/parts/xilinx/rtl/prims/rtl_prims.xml]
start_gui
source /home/ise/Documents/timer_catur/pa.fromHdl.tcl
# create_project -name timer_catur -dir "/home/ise/Documents/timer_catur/planAhead_run_1" -part xc3s500efg320-4
create_project: Time (s): cpu = 00:00:00.74 ; elapsed = 00:00:05 . Memory (MB): peak = 2649.629 ; gain = 22.172
# set_param project.pinAheadLayout yes
# set srcset [get_property srcset [current_run -impl]]
# set_property target_constrs_file "main_timer.ucf" [current_fileset -constrset]
Adding file '/home/ise/Documents/timer_catur/main_timer.ucf' to fileset 'constrs_1'
# set hdlfile [add_files [list {main_timer.vhd}]]
# set_property file_type VHDL $hdlfile
# set_property library work $hdlfile
# set_property top main_timer $srcset
# add_files [list {main_timer.ucf}] -fileset [get_property constrset [current_run]]
# open_rtl_design -part xc3s500efg320-4
Using Verific elaboration
Parsing VHDL file "/opt/Xilinx/14.7/ISE_DS/PlanAhead/data/parts/xilinx/rtl/lib/synplify/synattr.vhd" into library synplify
Parsing VHDL file "/opt/Xilinx/14.7/ISE_DS/PlanAhead/data/parts/xilinx/rtl/lib/synplify/synattr.vhd" into library synplify
Parsing VHDL file "/home/ise/Documents/timer_catur/main_timer.vhd" into library work
INFO: [Designutils 20-910] Reading macro library /opt/Xilinx/14.7/ISE_DS/PlanAhead/data/./parts/xilinx/spartan3e/spartan3e/hd_int_macros.edn
Parsing EDIF File [/opt/Xilinx/14.7/ISE_DS/PlanAhead/data/./parts/xilinx/spartan3e/spartan3e/hd_int_macros.edn]
Finished Parsing EDIF File [/opt/Xilinx/14.7/ISE_DS/PlanAhead/data/./parts/xilinx/spartan3e/spartan3e/hd_int_macros.edn]
Loading clock regions from /opt/Xilinx/14.7/ISE_DS/PlanAhead/data/parts/xilinx/spartan3e/spartan3e/xc3s500e/ClockRegion.xml
Loading clock buffers from /opt/Xilinx/14.7/ISE_DS/PlanAhead/data/parts/xilinx/spartan3e/spartan3e/xc3s500e/ClockBuffers.xml
Loading package from /opt/Xilinx/14.7/ISE_DS/PlanAhead/data/parts/xilinx/spartan3e/spartan3e/xc3s500e/fg320/Package.xml
Loading io standards from /opt/Xilinx/14.7/ISE_DS/PlanAhead/data/./parts/xilinx/spartan3e/IOStandards.xml
INFO: [Device 21-19] Loading pkg sso from /opt/Xilinx/14.7/ISE_DS/PlanAhead/data/parts/xilinx/spartan3e/spartan3e/xc3s500e/fg320/SSORules.xml
Loading list of drcs for the architecture : /opt/Xilinx/14.7/ISE_DS/PlanAhead/data/./parts/xilinx/spartan3e/spartan3e/drc.xml
INFO: [Timing 38-77] Reading timing library /opt/Xilinx/14.7/ISE_DS/PlanAhead/data/parts/xilinx/spartan3e/spartan3e/spartan3e-4.lib.
INFO: [Timing 38-34] Done reading timing library /opt/Xilinx/14.7/ISE_DS/PlanAhead/data/parts/xilinx/spartan3e/spartan3e/spartan3e-4.lib.
Parsing UCF File [/home/ise/Documents/timer_catur/main_timer.ucf]
Finished Parsing UCF File [/home/ise/Documents/timer_catur/main_timer.ucf]
INFO: [Project 1-111] Unisim Transformation Summary:
No Unisim elements were transformed.

Phase 0 | Netlist Checksum: 58c83cba
open_rtl_design: Time (s): cpu = 00:00:02 ; elapsed = 00:00:13 . Memory (MB): peak = 2755.676 ; gain = 100.039
update_compile_order -fileset sim_1
startgroup
set_property package_pin M15 [get_ports {SF_D[3]}]
endgroup
startgroup
set_property package_pin P17 [get_ports {SF_D[2]}]
endgroup
set_property package_pin "" [get_ports [list  {SF_D[1]}]]
startgroup
set_property package_pin R16 [get_ports {SF_D[1]}]
endgroup
startgroup
set_property package_pin R15 [get_ports {SF_D[0]}]
endgroup
set_property iostandard LVCMOS33 [get_ports [list {SF_D[3]} {SF_D[2]} {SF_D[1]} {SF_D[0]}]]
set_property iostandard LVCMOS33 [get_ports [list clk]]
set_property iostandard LVCMOS25 [get_ports [list LCD_RS]]
set_property iostandard LVCMOS33 [get_ports [list LCD_E]]
set_property iostandard LVCMOS33 [get_ports [list LCD_RS]]
set_property iostandard LVCMOS33 [get_ports [list LCD_RW]]
set_property iostandard LVCMOS33 [get_ports [list SF_CE0]]
set_property iostandard LVCMOS33 [get_ports [list PushWhite]]
startgroup
set_property package_pin H13 [get_ports PushWhite]
endgroup
set_property package_pin "" [get_ports [list  PushBlack]]
startgroup
set_property package_pin D18 [get_ports PushBlack]
endgroup
set_property iostandard LVCMOS33 [get_ports [list PushBlack]]
startgroup
set_property package_pin V4 [get_ports reset]
endgroup
set_property iostandard LVCMOS33 [get_ports [list reset]]
set_property iostandard LVCMOS33 [get_ports [list Start]]
startgroup
set_property package_pin K17 [get_ports Start]
endgroup
startgroup
set_property package_pin C9 [get_ports clk]
endgroup
set_property package_pin "" [get_ports [list  LCD_E]]
set_property pulltype PULLDOWN [get_ports [list PushWhite]]
set_property pulltype PULLDOWN [get_ports [list PushBlack]]
set_property pulltype PULLDOWN [get_ports [list reset]]
set_property pulltype PULLUP [get_ports [list Start]]
set_property drive 4 [get_ports [list LCD_RW]]
set_property drive 4 [get_ports [list LCD_RS]]
set_property drive 4 [get_ports [list LCD_E]]
startgroup
set_property package_pin M18 [get_ports LCD_E]
endgroup
startgroup
set_property package_pin L18 [get_ports LCD_RS]
endgroup
startgroup
set_property package_pin L17 [get_ports LCD_RW]
endgroup
set_property drive 4 [get_ports [list {SF_D[0]}]]
set_property drive 4 [get_ports [list {SF_D[1]}]]
set_property drive 4 [get_ports [list {SF_D[2]}]]
set_property drive 4 [get_ports [list {SF_D[3]}]]
save_constraints
exit
ERROR: [#UNDEF] *** Exception: ui.h.b: Found deleted key in HTclEventBroker. Verify if the classes listed here call cleanup()
HTclEvent: SIGNAL_BUS_MODIFY   Classes: ui.views.aR 
HTclEvent: DEBUG_PORT_CONFIG_CHANGE   Classes: ui.views.aR 
HTclEvent: SIGNAL_MODIFY   Classes: ui.views.aR 
HTclEvent: DEBUG_CORE_CONFIG_CHANGE   Classes: ui.views.aR 
 (See /home/ise/Documents/timer_catur/planAhead_pid2974.debug)
ERROR: [Common 17-39] 'stop_gui' failed due to earlier errors.
INFO: [Common 17-206] Exiting PlanAhead at Thu Nov 16 02:36:23 2023...
INFO: [Common 17-83] Releasing license: PlanAhead
